f:\practices\rtspmulticam\rtspmulticam\x64\release\vc142.pdb
f:\practices\rtspmulticam\rtspmulticam\x64\release\misc.obj
f:\practices\rtspmulticam\rtspmulticam\x64\release\main.obj
f:\practices\rtspmulticam\rtspmulticam\x64\release\cameramediasubsession.obj
f:\practices\rtspmulticam\rtspmulticam\x64\release\camerartspserver.obj
f:\practices\rtspmulticam\rtspmulticam\x64\release\globalparam.obj
f:\practices\rtspmulticam\rtspmulticam\x64\release\cameraframesource.obj
f:\practices\rtspmulticam\rtspmulticam\x64\release\camerah264encoder.obj
f:\practices\rtspmulticam\rtspmulticam\x64\release\cameracapture.obj
f:\practices\rtspmulticam\rtspmulticam\x64\release\datapacket.obj
f:\practices\rtspmulticam\x64\release\rtspmulticam.exe
f:\practices\rtspmulticam\x64\release\rtspmulticam.pdb
f:\practices\rtspmulticam\x64\release\rtspmulticam.ipdb
f:\practices\rtspmulticam\x64\release\rtspmulticam.iobj
f:\practices\rtspmulticam\rtspmulticam\x64\release\vcpkg.applocal.log
f:\practices\rtspmulticam\rtspmulticam\x64\release\rtspmulticam.tlog\cl.command.1.tlog
f:\practices\rtspmulticam\rtspmulticam\x64\release\rtspmulticam.tlog\cl.read.1.tlog
f:\practices\rtspmulticam\rtspmulticam\x64\release\rtspmulticam.tlog\cl.write.1.tlog
f:\practices\rtspmulticam\rtspmulticam\x64\release\rtspmulticam.tlog\link.command.1.tlog
f:\practices\rtspmulticam\rtspmulticam\x64\release\rtspmulticam.tlog\link.delete.1.tlog
f:\practices\rtspmulticam\rtspmulticam\x64\release\rtspmulticam.tlog\link.read.1.tlog
f:\practices\rtspmulticam\rtspmulticam\x64\release\rtspmulticam.tlog\link.write.1.tlog
f:\practices\rtspmulticam\rtspmulticam\x64\release\rtspmulticam.tlog\rtspmulticam.write.1u.tlog
